<?xml version="1.0" encoding="utf-8"?>
<test-run id="2" name="ProteriaWeb.dll" fullname="C:/Users/ashaukat/source/repos/ProteriaWeb/ProteriaWeb/bin/Debug/ProteriaWeb.dll" testcasecount="6" result="Failed" start-time="2018-06-19 16:02:13Z" end-time="2018-06-19 16:02:44Z" duration="30.889864" total="6" passed="3" failed="3" inconclusive="0" skipped="0" asserts="3" random-seed="246400810">
  <command-line><![CDATA["C:\Users\ashaukat\source\repos\ProteriaWeb\NUnit.Framework-3.10.1\bin\net45\nunitlite-runner.exe" C:\Users\ashaukat\source\repos\ProteriaWeb\ProteriaWeb\bin\Debug\ProteriaWeb.dll]]></command-line>
  <filter />
  <test-suite type="Assembly" id="1008" name="ProteriaWeb.dll" fullname="C:/Users/ashaukat/source/repos/ProteriaWeb/ProteriaWeb/bin/Debug/ProteriaWeb.dll" runstate="Runnable" testcasecount="6" result="Failed" site="Child" start-time="2018-06-19 16:02:13Z" end-time="2018-06-19 16:02:44Z" duration="30.889864" total="6" passed="3" failed="3" warnings="0" inconclusive="0" skipped="0" asserts="3">
    <environment framework-version="3.10.1.0" clr-version="4.0.30319.42000" os-version="Microsoft Windows NT 10.0.16299" platform="Win32NT" cwd="C:\Users\ashaukat\source\repos\ProteriaWeb\NUnit.Framework-3.10.1\bin\net45" machine-name="CRLHL-SHAUKADE1" user="ashaukat" user-domain="CONTOURSOFTWARE" culture="en-US" uiculture="en-US" os-architecture="x64" />
    <settings>
      <setting name="WorkDirectory" value="C:\Users\ashaukat\source\repos\ProteriaWeb\NUnit.Framework-3.10.1\bin\net45" />
      <setting name="NumberOfTestWorkers" value="4" />
    </settings>
    <properties>
      <property name="_PID" value="27512" />
      <property name="_APPDOMAIN" value="nunitlite-runner.exe" />
    </properties>
    <failure>
      <message><![CDATA[One or more child tests had errors]]></message>
    </failure>
    <test-suite type="TestSuite" id="1009" name="ProteriaWeb" fullname="ProteriaWeb" runstate="Runnable" testcasecount="6" result="Failed" site="Child" start-time="2018-06-19 16:02:13Z" end-time="2018-06-19 16:02:44Z" duration="30.876888" total="6" passed="3" failed="3" warnings="0" inconclusive="0" skipped="0" asserts="3">
      <failure>
        <message><![CDATA[One or more child tests had errors]]></message>
      </failure>
      <test-suite type="TestFixture" id="1004" name="ExtentReport+Base+ProteriaTests" fullname="ProteriaWeb.ExtentReport+Base+ProteriaTests" classname="ProteriaWeb.ExtentReport+Base+ProteriaTests" runstate="Runnable" testcasecount="3" result="Failed" label="Error" site="TearDown" start-time="2018-06-19 16:02:13Z" end-time="2018-06-19 16:02:13Z" duration="0.078259" total="3" passed="0" failed="3" warnings="0" inconclusive="0" skipped="0" asserts="0">
        <failure>
          <message><![CDATA[OpenQA.Selenium.DriverServiceNotFoundException : The file C:\Users\ashaukat\source\repos\ProteriaWeb\NUnit.Framework-3.10.1\bin\net45\chromedriver.exe does not exist. The driver can be downloaded at http://chromedriver.storage.googleapis.com/index.html
TearDown : System.NullReferenceException : Object reference not set to an instance of an object.]]></message>
          <stack-trace><![CDATA[   at OpenQA.Selenium.DriverService..ctor(String servicePath, Int32 port, String driverServiceExecutableName, Uri driverServiceDownloadUrl)
   at OpenQA.Selenium.Chrome.ChromeDriverService..ctor(String executablePath, String executableFileName, Int32 port)
   at OpenQA.Selenium.Chrome.ChromeDriver..ctor(String chromeDriverDirectory, ChromeOptions options)
   at ProteriaWeb.ExtentReport.Base.startBrowser() in C:\Users\ashaukat\source\repos\ProteriaWeb\ProteriaWeb\ExtentReport.cs:line 26
--TearDown
   at ProteriaWeb.ExtentReport.Base.closeBrowser() in C:\Users\ashaukat\source\repos\ProteriaWeb\ProteriaWeb\ExtentReport.cs:line 158]]></stack-trace>
        </failure>
        <test-case id="1005" name="login_User" fullname="ProteriaWeb.ExtentReport+Base+ProteriaTests.login_User" methodname="login_User" classname="ProteriaWeb.ExtentReport+Base+ProteriaTests" runstate="Runnable" seed="133927810" result="Failed" label="Error" site="Parent" start-time="0001-01-01 00:00:00Z" end-time="0001-01-01 00:00:00Z" duration="0.000000" asserts="0">
          <properties>
            <property name="Order" value="1" />
          </properties>
          <failure>
            <message><![CDATA[OneTimeSetUp: OpenQA.Selenium.DriverServiceNotFoundException : The file C:\Users\ashaukat\source\repos\ProteriaWeb\NUnit.Framework-3.10.1\bin\net45\chromedriver.exe does not exist. The driver can be downloaded at http://chromedriver.storage.googleapis.com/index.html]]></message>
          </failure>
        </test-case>
        <test-case id="1006" name="Post_Nord" fullname="ProteriaWeb.ExtentReport+Base+ProteriaTests.Post_Nord" methodname="Post_Nord" classname="ProteriaWeb.ExtentReport+Base" runstate="Runnable" seed="418972635" result="Failed" label="Error" site="Parent" start-time="0001-01-01 00:00:00Z" end-time="0001-01-01 00:00:00Z" duration="0.000000" asserts="0">
          <properties>
            <property name="Order" value="2" />
          </properties>
          <failure>
            <message><![CDATA[OneTimeSetUp: OpenQA.Selenium.DriverServiceNotFoundException : The file C:\Users\ashaukat\source\repos\ProteriaWeb\NUnit.Framework-3.10.1\bin\net45\chromedriver.exe does not exist. The driver can be downloaded at http://chromedriver.storage.googleapis.com/index.html]]></message>
          </failure>
        </test-case>
        <test-case id="1007" name="logout_User" fullname="ProteriaWeb.ExtentReport+Base+ProteriaTests.logout_User" methodname="logout_User" classname="ProteriaWeb.ExtentReport+Base" runstate="Runnable" seed="1904241137" result="Failed" label="Error" site="Parent" start-time="0001-01-01 00:00:00Z" end-time="0001-01-01 00:00:00Z" duration="0.000000" asserts="0">
          <properties>
            <property name="Order" value="3" />
          </properties>
          <failure>
            <message><![CDATA[OneTimeSetUp: OpenQA.Selenium.DriverServiceNotFoundException : The file C:\Users\ashaukat\source\repos\ProteriaWeb\NUnit.Framework-3.10.1\bin\net45\chromedriver.exe does not exist. The driver can be downloaded at http://chromedriver.storage.googleapis.com/index.html]]></message>
          </failure>
        </test-case>
      </test-suite>
      <test-suite type="TestFixture" id="1000" name="ProteriaLogin" fullname="ProteriaWeb.ProteriaLogin" classname="ProteriaWeb.ProteriaLogin" runstate="Runnable" testcasecount="3" result="Passed" start-time="2018-06-19 16:02:13Z" end-time="2018-06-19 16:02:44Z" duration="30.790568" total="3" passed="3" failed="0" warnings="0" inconclusive="0" skipped="0" asserts="3">
        <test-case id="1001" name="login_User" fullname="ProteriaWeb.ProteriaLogin.login_User" methodname="login_User" classname="ProteriaWeb.ProteriaLogin" runstate="Runnable" seed="1183396035" result="Passed" start-time="2018-06-19 16:02:17Z" end-time="2018-06-19 16:02:32Z" duration="14.342606" asserts="1">
          <properties>
            <property name="Order" value="1" />
          </properties>
        </test-case>
        <test-case id="1002" name="Post_Nord" fullname="ProteriaWeb.ProteriaLogin.Post_Nord" methodname="Post_Nord" classname="ProteriaWeb.ProteriaLogin" runstate="Runnable" seed="1066287111" result="Passed" start-time="2018-06-19 16:02:32Z" end-time="2018-06-19 16:02:42Z" duration="10.625157" asserts="1">
          <properties>
            <property name="Order" value="2" />
          </properties>
        </test-case>
        <test-case id="1003" name="logout_User" fullname="ProteriaWeb.ProteriaLogin.logout_User" methodname="logout_User" classname="ProteriaWeb.ProteriaLogin" runstate="Runnable" seed="1807608648" result="Passed" start-time="2018-06-19 16:02:42Z" end-time="2018-06-19 16:02:44Z" duration="1.609562" asserts="1">
          <properties>
            <property name="Order" value="3" />
          </properties>
        </test-case>
      </test-suite>
    </test-suite>
  </test-suite>
</test-run>